<?xml version="1.0" encoding="UTF-8"?>
<!-- Generated by org.testng.reporters.JUnitXMLReporter -->
<testsuite ignored="0" hostname="Akshay-Yaduvanshi" failures="0" tests="3" name="Test" time="0.083" errors="0" timestamp="2023-03-08T14:19:47 IST">
  <testcase classname="uat_Prod_Test.LoginUat" name="logInTest" time="0.018"/>
  <testcase classname="uat_Prod_Test.LogOutUat" name="logOutUatTest" time="0.003"/>
  <testcase classname="uat_Prod_Test.RegisterUat" name="regUatTest" time="0.002"/>
</testsuite> <!-- Test -->
